<?xml version="1.0" encoding="UTF-8"?>
<testsuite name="log.summer.be.AppTest" tests="1" skipped="0" failures="0" errors="0" timestamp="2025-07-08T05:00:59.539Z" hostname="gimseongjaeui-MacBookPro.local" time="0.008">
  <properties/>
  <testcase name="appHasAGreeting()" classname="log.summer.be.AppTest" time="0.008"/>
  <system-out><![CDATA[]]></system-out>
  <system-err><![CDATA[]]></system-err>
</testsuite>
